# JRE version: Java(TM) SE Runtime Environment (7.0_75-b13) (build 1.7.0_75-b13)
# Java VM: Java HotSpot(TM) 64-Bit Server VM (24.75-b04 mixed mode linux-amd64 compressed oops)
Heap
 PSYoungGen      total 192512K, used 24785K [0x00000007d6680000, 0x00000007ed180000, 0x0000000800000000)
  eden space 190464K, 11% used [0x00000007d6680000,0x00000007d7cc4530,0x00000007e2080000)
  from space 2048K, 96% used [0x00000007ecf80000,0x00000007ed170000,0x00000007ed180000)
  to   space 11264K, 0% used [0x00000007ebb80000,0x00000007ebb80000,0x00000007ec680000)
 ParOldGen       total 158208K, used 116281K [0x0000000783400000, 0x000000078ce80000, 0x00000007d6680000)
  object space 158208K, 73% used [0x0000000783400000,0x000000078a58e6d8,0x000000078ce80000)
 PSPermGen       total 62976K, used 47658K [0x000000077e200000, 0x0000000781f80000, 0x0000000783400000)
  object space 62976K, 75% used [0x000000077e200000,0x000000078108ab08,0x0000000781f80000)
GC Heap History (10 events):
Event: 413,409 GC heap before
{Heap before GC invocations=57 (full 5):
 PSYoungGen      total 235520K, used 235435K [0x00000007d6680000, 0x00000007ef680000, 0x0000000800000000)
  eden space 233472K, 100% used [0x00000007d6680000,0x00000007e4a80000,0x00000007e4a80000)
  from space 2048K, 95% used [0x00000007ed800000,0x00000007ed9eae90,0x00000007eda00000)
  to   space 15360K, 0% used [0x00000007ee780000,0x00000007ee780000,0x00000007ef680000)
 ParOldGen       total 158208K, used 116122K [0x0000000783400000, 0x000000078ce80000, 0x00000007d6680000)
  object space 158208K, 73% used [0x0000000783400000,0x000000078a566828,0x000000078ce80000)
 PSPermGen       total 62976K, used 47641K [0x000000077e200000, 0x0000000781f80000, 0x0000000783400000)
  object space 62976K, 75% used [0x000000077e200000,0x0000000781086770,0x0000000781f80000)
Event: 413,416 GC heap after
Heap after GC invocations=57 (full 5):
 PSYoungGen      total 226816K, used 2091K [0x00000007d6680000, 0x00000007eea00000, 0x0000000800000000)
  eden space 224256K, 0% used [0x00000007d6680000,0x00000007d6680000,0x00000007e4180000)
  from space 2560K, 81% used [0x00000007ee780000,0x00000007ee98ae90,0x00000007eea00000)
  to   space 14336K, 0% used [0x00000007ece00000,0x00000007ece00000,0x00000007edc00000)
 ParOldGen       total 158208K, used 116130K [0x0000000783400000, 0x000000078ce80000, 0x00000007d6680000)
  object space 158208K, 73% used [0x0000000783400000,0x000000078a568828,0x000000078ce80000)
 PSPermGen       total 62976K, used 47641K [0x000000077e200000, 0x0000000781f80000, 0x0000000783400000)
  object space 62976K, 75% used [0x000000077e200000,0x0000000781086770,0x0000000781f80000)
}
Event: 418,565 GC heap before
{Heap before GC invocations=58 (full 5):
 PSYoungGen      total 226816K, used 226347K [0x00000007d6680000, 0x00000007eea00000, 0x0000000800000000)
  eden space 224256K, 100% used [0x00000007d6680000,0x00000007e4180000,0x00000007e4180000)
  from space 2560K, 81% used [0x00000007ee780000,0x00000007ee98ae90,0x00000007eea00000)
  to   space 14336K, 0% used [0x00000007ece00000,0x00000007ece00000,0x00000007edc00000)
 ParOldGen       total 158208K, used 116130K [0x0000000783400000, 0x000000078ce80000, 0x00000007d6680000)
  object space 158208K, 73% used [0x0000000783400000,0x000000078a568828,0x000000078ce80000)
 PSPermGen       total 62976K, used 47644K [0x000000077e200000, 0x0000000781f80000, 0x0000000783400000)
  object space 62976K, 75% used [0x000000077e200000,0x0000000781087390,0x0000000781f80000)
Event: 418,571 GC heap after
Heap after GC invocations=58 (full 5):
 PSYoungGen      total 217088K, used 1963K [0x00000007d6680000, 0x00000007ee800000, 0x0000000800000000)
  eden space 215040K, 0% used [0x00000007d6680000,0x00000007d6680000,0x00000007e3880000)
  from space 2048K, 95% used [0x00000007ece00000,0x00000007ecfeae90,0x00000007ed000000)
  to   space 13824K, 0% used [0x00000007eda80000,0x00000007eda80000,0x00000007ee800000)
 ParOldGen       total 158208K, used 116150K [0x0000000783400000, 0x000000078ce80000, 0x00000007d6680000)
  object space 158208K, 73% used [0x0000000783400000,0x000000078a56d838,0x000000078ce80000)
 PSPermGen       total 62976K, used 47644K [0x000000077e200000, 0x0000000781f80000, 0x0000000783400000)
  object space 62976K, 75% used [0x000000077e200000,0x0000000781087390,0x0000000781f80000)
}
Event: 423,274 GC heap before
{Heap before GC invocations=59 (full 5):
 PSYoungGen      total 217088K, used 217003K [0x00000007d6680000, 0x00000007ee800000, 0x0000000800000000)
  eden space 215040K, 100% used [0x00000007d6680000,0x00000007e3880000,0x00000007e3880000)
  from space 2048K, 95% used [0x00000007ece00000,0x00000007ecfeae90,0x00000007ed000000)
  to   space 13824K, 0% used [0x00000007eda80000,0x00000007eda80000,0x00000007ee800000)
 ParOldGen       total 158208K, used 116150K [0x0000000783400000, 0x000000078ce80000, 0x00000007d6680000)
  object space 158208K, 73% used [0x0000000783400000,0x000000078a56d838,0x000000078ce80000)
 PSPermGen       total 62976K, used 47645K [0x000000077e200000, 0x0000000781f80000, 0x0000000783400000)
  object space 62976K, 75% used [0x000000077e200000,0x0000000781087698,0x0000000781f80000)
Event: 423,279 GC heap after
Heap after GC invocations=59 (full 5):
 PSYoungGen      total 208896K, used 2123K [0x00000007d6680000, 0x00000007edd00000, 0x0000000800000000)
  eden space 206336K, 0% used [0x00000007d6680000,0x00000007d6680000,0x00000007e3000000)
  from space 2560K, 82% used [0x00000007eda80000,0x00000007edc92e90,0x00000007edd00000)
  to   space 12800K, 0% used [0x00000007ec400000,0x00000007ec400000,0x00000007ed080000)
 ParOldGen       total 158208K, used 116174K [0x0000000783400000, 0x000000078ce80000, 0x00000007d6680000)
  object space 158208K, 73% used [0x0000000783400000,0x000000078a573838,0x000000078ce80000)
 PSPermGen       total 62976K, used 47645K [0x000000077e200000, 0x0000000781f80000, 0x0000000783400000)
  object space 62976K, 75% used [0x000000077e200000,0x0000000781087698,0x0000000781f80000)
}
Event: 428,004 GC heap before
{Heap before GC invocations=60 (full 5):
 PSYoungGen      total 208896K, used 208459K [0x00000007d6680000, 0x00000007edd00000, 0x0000000800000000)
  eden space 206336K, 100% used [0x00000007d6680000,0x00000007e3000000,0x00000007e3000000)
  from space 2560K, 82% used [0x00000007eda80000,0x00000007edc92e90,0x00000007edd00000)
  to   space 12800K, 0% used [0x00000007ec400000,0x00000007ec400000,0x00000007ed080000)
 ParOldGen       total 158208K, used 116174K [0x0000000783400000, 0x000000078ce80000, 0x00000007d6680000)
  object space 158208K, 73% used [0x0000000783400000,0x000000078a573838,0x000000078ce80000)
 PSPermGen       total 62976K, used 47647K [0x000000077e200000, 0x0000000781f80000, 0x0000000783400000)
  object space 62976K, 75% used [0x000000077e200000,0x0000000781087ca8,0x0000000781f80000)
Event: 428,009 GC heap after
Heap after GC invocations=60 (full 5):
 PSYoungGen      total 200704K, used 2112K [0x00000007d6680000, 0x00000007edb00000, 0x0000000800000000)
  eden space 198144K, 0% used [0x00000007d6680000,0x00000007d6680000,0x00000007e2800000)
  from space 2560K, 82% used [0x00000007ec400000,0x00000007ec610000,0x00000007ec680000)
  to   space 11776K, 0% used [0x00000007ecf80000,0x00000007ecf80000,0x00000007edb00000)
 ParOldGen       total 158208K, used 116249K [0x0000000783400000, 0x000000078ce80000, 0x00000007d6680000)
  object space 158208K, 73% used [0x0000000783400000,0x000000078a5866d8,0x000000078ce80000)
 PSPermGen       total 62976K, used 47647K [0x000000077e200000, 0x0000000781f80000, 0x0000000783400000)
  object space 62976K, 75% used [0x000000077e200000,0x0000000781087ca8,0x0000000781f80000)
}
Event: 432,478 GC heap before
{Heap before GC invocations=61 (full 5):
 PSYoungGen      total 200704K, used 200256K [0x00000007d6680000, 0x00000007edb00000, 0x0000000800000000)
  eden space 198144K, 100% used [0x00000007d6680000,0x00000007e2800000,0x00000007e2800000)
  from space 2560K, 82% used [0x00000007ec400000,0x00000007ec610000,0x00000007ec680000)
  to   space 11776K, 0% used [0x00000007ecf80000,0x00000007ecf80000,0x00000007edb00000)
 ParOldGen       total 158208K, used 116249K [0x0000000783400000, 0x000000078ce80000, 0x00000007d6680000)
  object space 158208K, 73% used [0x0000000783400000,0x000000078a5866d8,0x000000078ce80000)
 PSPermGen       total 62976K, used 47658K [0x000000077e200000, 0x0000000781f80000, 0x0000000783400000)
  object space 62976K, 75% used [0x000000077e200000,0x000000078108ab08,0x0000000781f80000)
Event: 432,484 GC heap after
Heap after GC invocations=61 (full 5):
 PSYoungGen      total 192512K, used 1984K [0x00000007d6680000, 0x00000007ed180000, 0x0000000800000000)
  eden space 190464K, 0% used [0x00000007d6680000,0x00000007d6680000,0x00000007e2080000)
  from space 2048K, 96% used [0x00000007ecf80000,0x00000007ed170000,0x00000007ed180000)
  to   space 11264K, 0% used [0x00000007ebb80000,0x00000007ebb80000,0x00000007ec680000)
 ParOldGen       total 158208K, used 116281K [0x0000000783400000, 0x000000078ce80000, 0x00000007d6680000)
  object space 158208K, 73% used [0x0000000783400000,0x000000078a58e6d8,0x000000078ce80000)
 PSPermGen       total 62976K, used 47658K [0x000000077e200000, 0x0000000781f80000, 0x0000000783400000)
  object space 62976K, 75% used [0x000000077e200000,0x000000078108ab08,0x0000000781f80000)
}

